Der Buildvorgang wurde am 13.01.2015 13:43:28 gestartet.
     1>Projekt "C:\Users\Messraum.HOEHNE\Documents\Visual Studio 2013\Projects\BunnyGameWithClasses\BunnyGameWithClasses\BunnyGameWithClasses.vcxproj" auf Knoten "2", Build Ziel(e).
     1>ClCompile:
         C:\Program Files (x86)\Microsoft Visual Studio 12.0\VC\bin\CL.exe /c /ZI /nologo /W3 /WX- /sdl /Od /Oy- /D _MBCS /Gm /EHsc /RTC1 /MDd /GS /fp:precise /Zc:wchar_t /Zc:forScope /Fo"Debug\\" /Fd"Debug\vc120.pdb" /Gd /TP /analyze- /errorReport:prompt Bunny.cpp Quelle.cpp
         Quelle.cpp
     1>c:\users\messraum.hoehne\documents\visual studio 2013\projects\bunnygamewithclasses\bunnygamewithclasses\quelle.cpp(12): error C2352: 'Bunny::createBunnies': Unzulässiger Aufruf einer nicht statischen Memberfunktion
                 c:\users\messraum.hoehne\documents\visual studio 2013\projects\bunnygamewithclasses\bunnygamewithclasses\bunny.h(20): Siehe Deklaration von 'Bunny::createBunnies'
     1>c:\users\messraum.hoehne\documents\visual studio 2013\projects\bunnygamewithclasses\bunnygamewithclasses\quelle.cpp(18): error C2352: 'Bunny::ageBunnies': Unzulässiger Aufruf einer nicht statischen Memberfunktion
                 c:\users\messraum.hoehne\documents\visual studio 2013\projects\bunnygamewithclasses\bunnygamewithclasses\bunny.h(23): Siehe Deklaration von 'Bunny::ageBunnies'
     1>c:\users\messraum.hoehne\documents\visual studio 2013\projects\bunnygamewithclasses\bunnygamewithclasses\quelle.cpp(19): error C2352: 'Bunny::countBunnies': Unzulässiger Aufruf einer nicht statischen Memberfunktion
                 c:\users\messraum.hoehne\documents\visual studio 2013\projects\bunnygamewithclasses\bunnygamewithclasses\bunny.h(21): Siehe Deklaration von 'Bunny::countBunnies'
     1>c:\users\messraum.hoehne\documents\visual studio 2013\projects\bunnygamewithclasses\bunnygamewithclasses\quelle.cpp(20): error C2352: 'Bunny::listBunnies': Unzulässiger Aufruf einer nicht statischen Memberfunktion
                 c:\users\messraum.hoehne\documents\visual studio 2013\projects\bunnygamewithclasses\bunnygamewithclasses\bunny.h(22): Siehe Deklaration von 'Bunny::listBunnies'
     1>c:\users\messraum.hoehne\documents\visual studio 2013\projects\bunnygamewithclasses\bunnygamewithclasses\quelle.cpp(21): error C2352: 'Bunny::countBunnies': Unzulässiger Aufruf einer nicht statischen Memberfunktion
                 c:\users\messraum.hoehne\documents\visual studio 2013\projects\bunnygamewithclasses\bunnygamewithclasses\bunny.h(21): Siehe Deklaration von 'Bunny::countBunnies'
     1>c:\users\messraum.hoehne\documents\visual studio 2013\projects\bunnygamewithclasses\bunnygamewithclasses\quelle.cpp(22): error C2352: 'Bunny::makeBunniesCrazy': Unzulässiger Aufruf einer nicht statischen Memberfunktion
                 c:\users\messraum.hoehne\documents\visual studio 2013\projects\bunnygamewithclasses\bunnygamewithclasses\bunny.h(24): Siehe Deklaration von 'Bunny::makeBunniesCrazy'
         Bunny.cpp
         Code wird generiert...
     1>c:\users\messraum.hoehne\documents\visual studio 2013\projects\bunnygamewithclasses\bunnygamewithclasses\bunny.cpp(168): warning C4715: "randName": Nicht alle Steuerelementpfade geben einen Wert zurück.
     1>Die Erstellung des Projekts "C:\Users\Messraum.HOEHNE\Documents\Visual Studio 2013\Projects\BunnyGameWithClasses\BunnyGameWithClasses\BunnyGameWithClasses.vcxproj" ist abgeschlossen, Build Ziel(e) -- FEHLER.

Fehler beim Buildvorgang.

Verstrichene Zeit 00:00:01.43
